<?xml version="1.0" encoding="UTF-8"?>
<robot generator="Robot 7.3.2 (Python 3.12.3 on linux)" generated="2025-11-17T17:19:52.426839" rpa="false" schemaversion="5">
<suite id="s1" name="Home" source="/home/erikpeik/projects/ohtu/ohtu-palautukset/viikko3/login/src/tests/home.robot">
<kw name="Open And Configure Browser" owner="resource" type="SETUP">
<if>
<branch type="IF" condition="$BROWSER == 'chrome'">
<kw name="Evaluate" owner="BuiltIn">
<msg time="2025-11-17T17:19:52.813293" level="INFO">${options} = &lt;selenium.webdriver.chrome.options.Options object at 0x7f721bf4cb90&gt;</msg>
<var>${options}</var>
<arg>sys.modules['selenium.webdriver'].ChromeOptions()</arg>
<arg>sys</arg>
<doc>Evaluates the given expression in Python and returns the result.</doc>
<status status="PASS" start="2025-11-17T17:19:52.812935" elapsed="0.000406"/>
</kw>
<kw name="Call Method" owner="BuiltIn">
<arg>${options}</arg>
<arg>add_argument</arg>
<arg>--incognito</arg>
<doc>Calls the named method of the given object with the provided arguments.</doc>
<status status="PASS" start="2025-11-17T17:19:52.813493" elapsed="0.000151"/>
</kw>
<status status="PASS" start="2025-11-17T17:19:52.812327" elapsed="0.001366"/>
</branch>
<branch type="ELSE IF" condition="$BROWSER == 'firefox'">
<kw name="Evaluate" owner="BuiltIn">
<var>${options}</var>
<arg>sys.modules['selenium.webdriver'].FirefoxOptions()</arg>
<arg>sys</arg>
<doc>Evaluates the given expression in Python and returns the result.</doc>
<status status="NOT RUN" start="2025-11-17T17:19:52.814212" elapsed="0.000026"/>
</kw>
<kw name="Call Method" owner="BuiltIn">
<arg>${options}</arg>
<arg>add_argument</arg>
<arg>--private-window</arg>
<doc>Calls the named method of the given object with the provided arguments.</doc>
<status status="NOT RUN" start="2025-11-17T17:19:52.814323" elapsed="0.000019"/>
</kw>
<status status="NOT RUN" start="2025-11-17T17:19:52.814067" elapsed="0.000305"/>
</branch>
<status status="PASS" start="2025-11-17T17:19:52.812294" elapsed="0.002108"/>
</if>
<if>
<branch type="IF" condition="$HEADLESS == 'true'">
<kw name="Set Selenium Speed" owner="SeleniumLibrary">
<arg>0.05 seconds</arg>
<doc>Sets the delay that is waited after each Selenium command.</doc>
<status status="NOT RUN" start="2025-11-17T17:19:52.814636" elapsed="0.000022"/>
</kw>
<kw name="Call Method" owner="BuiltIn">
<arg>${options}</arg>
<arg>add_argument</arg>
<arg>--headless</arg>
<doc>Calls the named method of the given object with the provided arguments.</doc>
<status status="NOT RUN" start="2025-11-17T17:19:52.814724" elapsed="0.000168"/>
</kw>
<status status="NOT RUN" start="2025-11-17T17:19:52.814465" elapsed="0.000463"/>
</branch>
<branch type="ELSE">
<kw name="Set Selenium Speed" owner="SeleniumLibrary">
<arg>${DELAY}</arg>
<doc>Sets the delay that is waited after each Selenium command.</doc>
<status status="PASS" start="2025-11-17T17:19:52.815038" elapsed="0.000275"/>
</kw>
<status status="PASS" start="2025-11-17T17:19:52.814957" elapsed="0.000398"/>
</branch>
<status status="PASS" start="2025-11-17T17:19:52.814450" elapsed="0.000933"/>
</if>
<kw name="Open Browser" owner="SeleniumLibrary">
<msg time="2025-11-17T17:19:52.815704" level="INFO">Opening browser 'chrome' to base url 'None'.</msg>
<arg>browser=${BROWSER}</arg>
<arg>options=${options}</arg>
<doc>Opens a new browser instance to the optional ``url``.</doc>
<status status="PASS" start="2025-11-17T17:19:52.815476" elapsed="3.249212"/>
</kw>
<status status="PASS" start="2025-11-17T17:19:52.812047" elapsed="3.252806"/>
</kw>
<test id="s1-t1" name="Click Login Link" line="8">
<kw name="Reset Application And Go To Starting Page" type="SETUP">
<kw name="Reset Application" owner="AppLibrary">
<status status="PASS" start="2025-11-17T17:19:56.065766" elapsed="0.003111"/>
</kw>
<kw name="Go To Starting Page" owner="resource">
<kw name="Go To" owner="SeleniumLibrary">
<msg time="2025-11-17T17:19:56.069435" level="INFO">Opening url 'http://localhost:5001'</msg>
<arg>${HOME_URL}</arg>
<doc>Navigates the current browser window to the provided ``url``.</doc>
<status status="PASS" start="2025-11-17T17:19:56.069280" elapsed="0.557461"/>
</kw>
<status status="PASS" start="2025-11-17T17:19:56.069058" elapsed="0.558280"/>
</kw>
<status status="PASS" start="2025-11-17T17:19:56.065516" elapsed="0.561949"/>
</kw>
<kw name="Click Link" owner="SeleniumLibrary">
<msg time="2025-11-17T17:19:56.628718" level="INFO">Clicking link 'Login'.</msg>
<arg>Login</arg>
<doc>Clicks a link identified by ``locator``.</doc>
<status status="PASS" start="2025-11-17T17:19:56.628061" elapsed="2.347404"/>
</kw>
<kw name="Login Page Should Be Open" owner="resource">
<kw name="Title Should Be" owner="SeleniumLibrary">
<msg time="2025-11-17T17:19:59.497925" level="INFO">Page title is 'Login'.</msg>
<arg>Login</arg>
<doc>Verifies that the current page title equals ``title``.</doc>
<status status="PASS" start="2025-11-17T17:19:58.977046" elapsed="0.521186"/>
</kw>
<status status="PASS" start="2025-11-17T17:19:58.976394" elapsed="0.522077"/>
</kw>
<status status="PASS" start="2025-11-17T17:19:56.064965" elapsed="3.433903"/>
</test>
<test id="s1-t2" name="Click Register Link" line="12">
<kw name="Reset Application And Go To Starting Page" type="SETUP">
<kw name="Reset Application" owner="AppLibrary">
<status status="PASS" start="2025-11-17T17:19:59.500423" elapsed="0.004522"/>
</kw>
<kw name="Go To Starting Page" owner="resource">
<kw name="Go To" owner="SeleniumLibrary">
<msg time="2025-11-17T17:19:59.505668" level="INFO">Opening url 'http://localhost:5001'</msg>
<arg>${HOME_URL}</arg>
<doc>Navigates the current browser window to the provided ``url``.</doc>
<status status="PASS" start="2025-11-17T17:19:59.505489" elapsed="0.540345"/>
</kw>
<status status="PASS" start="2025-11-17T17:19:59.505199" elapsed="0.540969"/>
</kw>
<status status="PASS" start="2025-11-17T17:19:59.500024" elapsed="0.546258"/>
</kw>
<kw name="Click Link" owner="SeleniumLibrary">
<msg time="2025-11-17T17:20:00.047631" level="INFO">Clicking link 'Register new user'.</msg>
<arg>Register new user</arg>
<doc>Clicks a link identified by ``locator``.</doc>
<status status="PASS" start="2025-11-17T17:20:00.047096" elapsed="1.699990"/>
</kw>
<kw name="Register Page Should Be Open" owner="resource">
<kw name="Title Should Be" owner="SeleniumLibrary">
<msg time="2025-11-17T17:20:02.264912" level="INFO">Page title is 'Register'.</msg>
<arg>Register</arg>
<doc>Verifies that the current page title equals ``title``.</doc>
<status status="PASS" start="2025-11-17T17:20:01.749314" elapsed="0.515869"/>
</kw>
<status status="PASS" start="2025-11-17T17:20:01.748315" elapsed="0.517075"/>
</kw>
<status status="PASS" start="2025-11-17T17:19:59.499335" elapsed="2.766567"/>
</test>
<kw name="Close Browser" owner="SeleniumLibrary" type="TEARDOWN">
<doc>Closes the current browser.</doc>
<status status="PASS" start="2025-11-17T17:20:02.267311" elapsed="0.645314"/>
</kw>
<status status="PASS" start="2025-11-17T17:19:52.427737" elapsed="10.485093"/>
</suite>
<statistics>
<total>
<stat pass="2" fail="0" skip="0">All Tests</stat>
</total>
<tag>
</tag>
<suite>
<stat name="Home" id="s1" pass="2" fail="0" skip="0">Home</stat>
</suite>
</statistics>
<errors>
</errors>
</robot>
